<?xml version="1.0" encoding="UTF-8"?>
<!-- Generated by org.testng.reporters.JUnitXMLReporter -->
<testsuite ignored="0" hostname="sf-cpu-558" failures="0" tests="3" name="Swag_LoginTest" time="5.354" errors="0" timestamp="2023-09-15T13:37:22 IST">
  <testcase classname="swagLabs_test.Swag_LoginTest" name="Login" time="0.36"/>
  <testcase classname="swagLabs_test.Swag_LoginTest" name="Verifytitle" time="0.006"/>
  <testcase classname="swagLabs_test.Swag_LoginTest" name="AddToCart" time="0.608"/>
</testsuite> <!-- Swag_LoginTest -->
