<?xml version="1.0" encoding="UTF-8"?>
<!-- Generated by org.testng.reporters.JUnitXMLReporter -->
<testsuite ignored="0" hostname="sf-cpu-558" failures="0" tests="3" name="Swag_LoginTest" time="4.404" errors="0" timestamp="2023-09-15T18:36:44 IST">
  <testcase classname="swagLabs_test.Swag_LoginTest" name="ClickOnLogin" time="0.403"/>
  <testcase classname="swagLabs_test.Swag_LoginTest" name="Verifytitle" time="0.007"/>
  <testcase classname="swagLabs_test.Swag_LoginTest" name="ClickOnAddToCart" time="0.563"/>
</testsuite> <!-- Swag_LoginTest -->
